<?xml version="1.0" encoding="UTF-8"?>
<testsuite xmlns:xsi="http://www.w3.org/2001/XMLSchema-instance" xsi:noNamespaceSchemaLocation="https://maven.apache.org/surefire/maven-surefire-plugin/xsd/surefire-test-report-3.0.xsd" version="3.0" name="com.well.demo.unittests.mapper.DozerConverterTest" time="0.074" tests="4" errors="0" skipped="0" failures="0">
  <properties>
[...]
</properties>
  <testcase name="parserVOListToEntityListTest" classname="com.well.demo.unittests.mapper.DozerConverterTest" time="0.013"/>
  <testcase name="parseVOToEntityTest" classname="com.well.demo.unittests.mapper.DozerConverterTest" time="0.009"/>
  <testcase name="parseEntityListToVOListTest" classname="com.well.demo.unittests.mapper.DozerConverterTest" time="0.021"/>
  <testcase name="parseEntityToVOTest" classname="com.well.demo.unittests.mapper.DozerConverterTest" time="0.004"/>
</testsuite>