-------------------------------------------------------------------------------
Test set: com.well.demo.integrationtests.controller.withJson.PersonControllerJsonTest
-------------------------------------------------------------------------------
Tests run: 4, Failures: 0, Errors: 4, Skipped: 0, Time elapsed: 3.998 s <<< FAILURE! -- in com.well.demo.integrationtests.controller.withJson.PersonControllerJsonTest
com.well.demo.integrationtests.controller.withJson.PersonControllerJsonTest.testCreate -- Time elapsed: 0.064 s <<< ERROR!
java.lang.ExceptionInInitializerError
	at java.base/jdk.internal.misc.Unsafe.ensureClassInitialized0(Native Method)
	at java.base/jdk.internal.misc.Unsafe.ensureClassInitialized(Unsafe.java:1160)
	at java.base/java.lang.reflect.Constructor.acquireConstructorAccessor(Constructor.java:549)
	at java.base/java.lang.reflect.Constructor.newInstanceWithCaller(Constructor.java:499)
	at java.base/java.lang.reflect.Constructor.newInstance(Constructor.java:486)
	at org.springframework.beans.BeanUtils.instantiateClass(BeanUtils.java:195)
	at org.springframework.beans.BeanUtils.instantiateClass(BeanUtils.java:150)
	at org.springframework.boot.test.context.SpringBootContextLoader.getInitializers(SpringBootContextLoader.java:311)
	at org.springframework.boot.test.context.SpringBootContextLoader.configure(SpringBootContextLoader.java:187)
	at org.springframework.boot.test.context.SpringBootContextLoader.loadContext(SpringBootContextLoader.java:135)
	at org.springframework.boot.test.context.SpringBootContextLoader.loadContext(SpringBootContextLoader.java:108)
	at org.springframework.test.context.cache.DefaultCacheAwareContextLoaderDelegate.loadContextInternal(DefaultCacheAwareContextLoaderDelegate.java:225)
	at org.springframework.test.context.cache.DefaultCacheAwareContextLoaderDelegate.loadContext(DefaultCacheAwareContextLoaderDelegate.java:152)
	at org.springframework.test.context.support.DefaultTestContext.getApplicationContext(DefaultTestContext.java:130)
	at org.springframework.test.context.support.DependencyInjectionTestExecutionListener.injectDependencies(DependencyInjectionTestExecutionListener.java:142)
	at org.springframework.test.context.support.DependencyInjectionTestExecutionListener.prepareTestInstance(DependencyInjectionTestExecutionListener.java:98)
	at org.springframework.test.context.TestContextManager.prepareTestInstance(TestContextManager.java:260)
	at org.springframework.test.context.junit.jupiter.SpringExtension.postProcessTestInstance(SpringExtension.java:163)
	at java.base/java.util.stream.ReferencePipeline$3$1.accept(ReferencePipeline.java:197)
	at java.base/java.util.stream.ReferencePipeline$2$1.accept(ReferencePipeline.java:179)
	at java.base/java.util.ArrayList$ArrayListSpliterator.forEachRemaining(ArrayList.java:1708)
	at java.base/java.util.stream.AbstractPipeline.copyInto(AbstractPipeline.java:509)
	at java.base/java.util.stream.AbstractPipeline.wrapAndCopyInto(AbstractPipeline.java:499)
	at java.base/java.util.stream.StreamSpliterators$WrappingSpliterator.forEachRemaining(StreamSpliterators.java:310)
	at java.base/java.util.stream.Streams$ConcatSpliterator.forEachRemaining(Streams.java:735)
	at java.base/java.util.stream.Streams$ConcatSpliterator.forEachRemaining(Streams.java:734)
	at java.base/java.util.stream.ReferencePipeline$Head.forEach(ReferencePipeline.java:762)
	at java.base/java.util.Optional.orElseGet(Optional.java:364)
	at java.base/java.util.ArrayList.forEach(ArrayList.java:1596)
	at java.base/java.util.ArrayList.forEach(ArrayList.java:1596)
Caused by: java.lang.IllegalStateException: Failed to verify that image 'mysql 8.0.29' is a compatible substitute for 'mysql'. This generally means that you are trying to use an image that Testcontainers has not been designed to use. If this is deliberate, and if you are confident that the image is compatible, you should declare compatibility in code using the `asCompatibleSubstituteFor` method. For example:
   DockerImageName myImage = DockerImageName.parse("mysql 8.0.29").asCompatibleSubstituteFor("mysql");
and then use `myImage` instead.
	at org.testcontainers.utility.DockerImageName.assertCompatibleWith(DockerImageName.java:248)
	at org.testcontainers.containers.MySQLContainer.<init>(MySQLContainer.java:50)
	at org.testcontainers.containers.MySQLContainer.<init>(MySQLContainer.java:44)
	at com.well.demo.integrationtests.testcontainers.AbstractIntegrationTest$Initializer.<clinit>(AbstractIntegrationTest.java:19)
	... 30 more

com.well.demo.integrationtests.controller.withJson.PersonControllerJsonTest.testCreateWithWrongOrigin -- Time elapsed: 0.010 s <<< ERROR!
java.lang.NoClassDefFoundError: Could not initialize class com.well.demo.integrationtests.testcontainers.AbstractIntegrationTest$Initializer
	at java.base/jdk.internal.misc.Unsafe.ensureClassInitialized0(Native Method)
	at java.base/jdk.internal.misc.Unsafe.ensureClassInitialized(Unsafe.java:1160)
	at java.base/java.lang.reflect.Constructor.acquireConstructorAccessor(Constructor.java:549)
	at java.base/java.lang.reflect.Constructor.newInstanceWithCaller(Constructor.java:499)
	at java.base/java.lang.reflect.Constructor.newInstance(Constructor.java:486)
	at org.springframework.beans.BeanUtils.instantiateClass(BeanUtils.java:195)
	at org.springframework.beans.BeanUtils.instantiateClass(BeanUtils.java:150)
	at org.springframework.boot.test.context.SpringBootContextLoader.getInitializers(SpringBootContextLoader.java:311)
	at org.springframework.boot.test.context.SpringBootContextLoader.configure(SpringBootContextLoader.java:187)
	at org.springframework.boot.test.context.SpringBootContextLoader.loadContext(SpringBootContextLoader.java:135)
	at org.springframework.boot.test.context.SpringBootContextLoader.loadContext(SpringBootContextLoader.java:108)
	at org.springframework.test.context.cache.DefaultCacheAwareContextLoaderDelegate.loadContextInternal(DefaultCacheAwareContextLoaderDelegate.java:225)
	at org.springframework.test.context.cache.DefaultCacheAwareContextLoaderDelegate.loadContext(DefaultCacheAwareContextLoaderDelegate.java:152)
	at org.springframework.test.context.support.DefaultTestContext.getApplicationContext(DefaultTestContext.java:130)
	at org.springframework.test.context.support.DependencyInjectionTestExecutionListener.injectDependencies(DependencyInjectionTestExecutionListener.java:142)
	at org.springframework.test.context.support.DependencyInjectionTestExecutionListener.prepareTestInstance(DependencyInjectionTestExecutionListener.java:98)
	at org.springframework.test.context.TestContextManager.prepareTestInstance(TestContextManager.java:260)
	at org.springframework.test.context.junit.jupiter.SpringExtension.postProcessTestInstance(SpringExtension.java:163)
	at java.base/java.util.stream.ReferencePipeline$3$1.accept(ReferencePipeline.java:197)
	at java.base/java.util.stream.ReferencePipeline$2$1.accept(ReferencePipeline.java:179)
	at java.base/java.util.ArrayList$ArrayListSpliterator.forEachRemaining(ArrayList.java:1708)
	at java.base/java.util.stream.AbstractPipeline.copyInto(AbstractPipeline.java:509)
	at java.base/java.util.stream.AbstractPipeline.wrapAndCopyInto(AbstractPipeline.java:499)
	at java.base/java.util.stream.StreamSpliterators$WrappingSpliterator.forEachRemaining(StreamSpliterators.java:310)
	at java.base/java.util.stream.Streams$ConcatSpliterator.forEachRemaining(Streams.java:735)
	at java.base/java.util.stream.Streams$ConcatSpliterator.forEachRemaining(Streams.java:734)
	at java.base/java.util.stream.ReferencePipeline$Head.forEach(ReferencePipeline.java:762)
	at java.base/java.util.Optional.orElseGet(Optional.java:364)
	at java.base/java.util.ArrayList.forEach(ArrayList.java:1596)
	at java.base/java.util.ArrayList.forEach(ArrayList.java:1596)
Caused by: java.lang.ExceptionInInitializerError: Exception java.lang.IllegalStateException: Failed to verify that image 'mysql 8.0.29' is a compatible substitute for 'mysql'. This generally means that you are trying to use an image that Testcontainers has not been designed to use. If this is deliberate, and if you are confident that the image is compatible, you should declare compatibility in code using the `asCompatibleSubstituteFor` method. For example:
   DockerImageName myImage = DockerImageName.parse("mysql 8.0.29").asCompatibleSubstituteFor("mysql");
and then use `myImage` instead. [in thread "main"]
	at org.testcontainers.utility.DockerImageName.assertCompatibleWith(DockerImageName.java:248)
	at org.testcontainers.containers.MySQLContainer.<init>(MySQLContainer.java:50)
	at org.testcontainers.containers.MySQLContainer.<init>(MySQLContainer.java:44)
	at com.well.demo.integrationtests.testcontainers.AbstractIntegrationTest$Initializer.<clinit>(AbstractIntegrationTest.java:19)
	... 30 more

com.well.demo.integrationtests.controller.withJson.PersonControllerJsonTest.testFindById -- Time elapsed: 0.010 s <<< ERROR!
java.lang.NoClassDefFoundError: Could not initialize class com.well.demo.integrationtests.testcontainers.AbstractIntegrationTest$Initializer
	at java.base/jdk.internal.misc.Unsafe.ensureClassInitialized0(Native Method)
	at java.base/jdk.internal.misc.Unsafe.ensureClassInitialized(Unsafe.java:1160)
	at java.base/java.lang.reflect.Constructor.acquireConstructorAccessor(Constructor.java:549)
	at java.base/java.lang.reflect.Constructor.newInstanceWithCaller(Constructor.java:499)
	at java.base/java.lang.reflect.Constructor.newInstance(Constructor.java:486)
	at org.springframework.beans.BeanUtils.instantiateClass(BeanUtils.java:195)
	at org.springframework.beans.BeanUtils.instantiateClass(BeanUtils.java:150)
	at org.springframework.boot.test.context.SpringBootContextLoader.getInitializers(SpringBootContextLoader.java:311)
	at org.springframework.boot.test.context.SpringBootContextLoader.configure(SpringBootContextLoader.java:187)
	at org.springframework.boot.test.context.SpringBootContextLoader.loadContext(SpringBootContextLoader.java:135)
	at org.springframework.boot.test.context.SpringBootContextLoader.loadContext(SpringBootContextLoader.java:108)
	at org.springframework.test.context.cache.DefaultCacheAwareContextLoaderDelegate.loadContextInternal(DefaultCacheAwareContextLoaderDelegate.java:225)
	at org.springframework.test.context.cache.DefaultCacheAwareContextLoaderDelegate.loadContext(DefaultCacheAwareContextLoaderDelegate.java:152)
	at org.springframework.test.context.support.DefaultTestContext.getApplicationContext(DefaultTestContext.java:130)
	at org.springframework.test.context.support.DependencyInjectionTestExecutionListener.injectDependencies(DependencyInjectionTestExecutionListener.java:142)
	at org.springframework.test.context.support.DependencyInjectionTestExecutionListener.prepareTestInstance(DependencyInjectionTestExecutionListener.java:98)
	at org.springframework.test.context.TestContextManager.prepareTestInstance(TestContextManager.java:260)
	at org.springframework.test.context.junit.jupiter.SpringExtension.postProcessTestInstance(SpringExtension.java:163)
	at java.base/java.util.stream.ReferencePipeline$3$1.accept(ReferencePipeline.java:197)
	at java.base/java.util.stream.ReferencePipeline$2$1.accept(ReferencePipeline.java:179)
	at java.base/java.util.ArrayList$ArrayListSpliterator.forEachRemaining(ArrayList.java:1708)
	at java.base/java.util.stream.AbstractPipeline.copyInto(AbstractPipeline.java:509)
	at java.base/java.util.stream.AbstractPipeline.wrapAndCopyInto(AbstractPipeline.java:499)
	at java.base/java.util.stream.StreamSpliterators$WrappingSpliterator.forEachRemaining(StreamSpliterators.java:310)
	at java.base/java.util.stream.Streams$ConcatSpliterator.forEachRemaining(Streams.java:735)
	at java.base/java.util.stream.Streams$ConcatSpliterator.forEachRemaining(Streams.java:734)
	at java.base/java.util.stream.ReferencePipeline$Head.forEach(ReferencePipeline.java:762)
	at java.base/java.util.Optional.orElseGet(Optional.java:364)
	at java.base/java.util.ArrayList.forEach(ArrayList.java:1596)
	at java.base/java.util.ArrayList.forEach(ArrayList.java:1596)
Caused by: java.lang.ExceptionInInitializerError: Exception java.lang.IllegalStateException: Failed to verify that image 'mysql 8.0.29' is a compatible substitute for 'mysql'. This generally means that you are trying to use an image that Testcontainers has not been designed to use. If this is deliberate, and if you are confident that the image is compatible, you should declare compatibility in code using the `asCompatibleSubstituteFor` method. For example:
   DockerImageName myImage = DockerImageName.parse("mysql 8.0.29").asCompatibleSubstituteFor("mysql");
and then use `myImage` instead. [in thread "main"]
	at org.testcontainers.utility.DockerImageName.assertCompatibleWith(DockerImageName.java:248)
	at org.testcontainers.containers.MySQLContainer.<init>(MySQLContainer.java:50)
	at org.testcontainers.containers.MySQLContainer.<init>(MySQLContainer.java:44)
	at com.well.demo.integrationtests.testcontainers.AbstractIntegrationTest$Initializer.<clinit>(AbstractIntegrationTest.java:19)
	... 30 more

com.well.demo.integrationtests.controller.withJson.PersonControllerJsonTest.testFindByIdWithWrongOrigin -- Time elapsed: 0.014 s <<< ERROR!
java.lang.NoClassDefFoundError: Could not initialize class com.well.demo.integrationtests.testcontainers.AbstractIntegrationTest$Initializer
	at java.base/jdk.internal.misc.Unsafe.ensureClassInitialized0(Native Method)
	at java.base/jdk.internal.misc.Unsafe.ensureClassInitialized(Unsafe.java:1160)
	at java.base/java.lang.reflect.Constructor.acquireConstructorAccessor(Constructor.java:549)
	at java.base/java.lang.reflect.Constructor.newInstanceWithCaller(Constructor.java:499)
	at java.base/java.lang.reflect.Constructor.newInstance(Constructor.java:486)
	at org.springframework.beans.BeanUtils.instantiateClass(BeanUtils.java:195)
	at org.springframework.beans.BeanUtils.instantiateClass(BeanUtils.java:150)
	at org.springframework.boot.test.context.SpringBootContextLoader.getInitializers(SpringBootContextLoader.java:311)
	at org.springframework.boot.test.context.SpringBootContextLoader.configure(SpringBootContextLoader.java:187)
	at org.springframework.boot.test.context.SpringBootContextLoader.loadContext(SpringBootContextLoader.java:135)
	at org.springframework.boot.test.context.SpringBootContextLoader.loadContext(SpringBootContextLoader.java:108)
	at org.springframework.test.context.cache.DefaultCacheAwareContextLoaderDelegate.loadContextInternal(DefaultCacheAwareContextLoaderDelegate.java:225)
	at org.springframework.test.context.cache.DefaultCacheAwareContextLoaderDelegate.loadContext(DefaultCacheAwareContextLoaderDelegate.java:152)
	at org.springframework.test.context.support.DefaultTestContext.getApplicationContext(DefaultTestContext.java:130)
	at org.springframework.test.context.support.DependencyInjectionTestExecutionListener.injectDependencies(DependencyInjectionTestExecutionListener.java:142)
	at org.springframework.test.context.support.DependencyInjectionTestExecutionListener.prepareTestInstance(DependencyInjectionTestExecutionListener.java:98)
	at org.springframework.test.context.TestContextManager.prepareTestInstance(TestContextManager.java:260)
	at org.springframework.test.context.junit.jupiter.SpringExtension.postProcessTestInstance(SpringExtension.java:163)
	at java.base/java.util.stream.ReferencePipeline$3$1.accept(ReferencePipeline.java:197)
	at java.base/java.util.stream.ReferencePipeline$2$1.accept(ReferencePipeline.java:179)
	at java.base/java.util.ArrayList$ArrayListSpliterator.forEachRemaining(ArrayList.java:1708)
	at java.base/java.util.stream.AbstractPipeline.copyInto(AbstractPipeline.java:509)
	at java.base/java.util.stream.AbstractPipeline.wrapAndCopyInto(AbstractPipeline.java:499)
	at java.base/java.util.stream.StreamSpliterators$WrappingSpliterator.forEachRemaining(StreamSpliterators.java:310)
	at java.base/java.util.stream.Streams$ConcatSpliterator.forEachRemaining(Streams.java:735)
	at java.base/java.util.stream.Streams$ConcatSpliterator.forEachRemaining(Streams.java:734)
	at java.base/java.util.stream.ReferencePipeline$Head.forEach(ReferencePipeline.java:762)
	at java.base/java.util.Optional.orElseGet(Optional.java:364)
	at java.base/java.util.ArrayList.forEach(ArrayList.java:1596)
	at java.base/java.util.ArrayList.forEach(ArrayList.java:1596)
Caused by: java.lang.ExceptionInInitializerError: Exception java.lang.IllegalStateException: Failed to verify that image 'mysql 8.0.29' is a compatible substitute for 'mysql'. This generally means that you are trying to use an image that Testcontainers has not been designed to use. If this is deliberate, and if you are confident that the image is compatible, you should declare compatibility in code using the `asCompatibleSubstituteFor` method. For example:
   DockerImageName myImage = DockerImageName.parse("mysql 8.0.29").asCompatibleSubstituteFor("mysql");
and then use `myImage` instead. [in thread "main"]
	at org.testcontainers.utility.DockerImageName.assertCompatibleWith(DockerImageName.java:248)
	at org.testcontainers.containers.MySQLContainer.<init>(MySQLContainer.java:50)
	at org.testcontainers.containers.MySQLContainer.<init>(MySQLContainer.java:44)
	at com.well.demo.integrationtests.testcontainers.AbstractIntegrationTest$Initializer.<clinit>(AbstractIntegrationTest.java:19)
	... 30 more

